<?xml version="1.0" encoding="UTF-8"?>
<testng-results ignored="0" total="2" passed="2" failed="0" skipped="0">
  <reporter-output>
    <line>
      <![CDATA[Capturing Screen shot]]>
    </line>
    <line>
      <![CDATA[<a target="_blank" href="Tue_Jul_23_23_46_32_CDT_2019.jpg">Login Screen link</a>]]>
    </line>
    <line>
      <![CDATA[<br>]]>
    </line>
    <line>
      <![CDATA[<a target="_blank" href="Tue_Jul_23_23_46_32_CDT_2019.jpg"><img src="Tue_Jul_23_23_46_32_CDT_2019.jpg" width=50 height=50></img></a>]]>
    </line>
    <line>
      <![CDATA[Capturing Screen shot]]>
    </line>
    <line>
      <![CDATA[<a target="_blank" href="Tue_Jul_23_23_47_22_CDT_2019.jpg">Login Screen link</a>]]>
    </line>
    <line>
      <![CDATA[<br>]]>
    </line>
    <line>
      <![CDATA[<a target="_blank" href="Tue_Jul_23_23_47_22_CDT_2019.jpg"><img src="Tue_Jul_23_23_47_22_CDT_2019.jpg" width=50 height=50></img></a>]]>
    </line>
  </reporter-output>
  <suite started-at="2019-07-24T04:46:15Z" name="Suite" finished-at="2019-07-24T04:47:22Z" duration-ms="66984">
    <groups>
    </groups>
    <test started-at="2019-07-24T04:46:15Z" name="Test" finished-at="2019-07-24T04:47:22Z" duration-ms="66984">
      <class name="com.amazon.testcases.TestBuyingLaptop">
        <test-method is-config="true" signature="setUp()[pri:0, instance:com.amazon.testcases.TestBuyingLaptop@22d7b4f8]" started-at="2019-07-24T04:46:07Z" name="setUp" finished-at="2019-07-24T04:46:15Z" duration-ms="8106" status="PASS">
          <reporter-output>
          </reporter-output>
        </test-method> <!-- setUp -->
        <test-method signature="testLogin(java.lang.String, java.lang.String)[pri:29, instance:com.amazon.testcases.TestBuyingLaptop@22d7b4f8]" started-at="2019-07-24T04:46:15Z" name="testLogin" data-provider="getData" finished-at="2019-07-24T04:46:31Z" duration-ms="16453" status="PASS">
          <params>
            <param index="0">
              <value>
                <![CDATA[sajjad.sagor@live.com]]>
              </value>
            </param>
            <param index="1">
              <value>
                <![CDATA[Gms.235689]]>
              </value>
            </param>
          </params>
          <reporter-output>
            <line>
              <![CDATA[Capturing Screen shot]]>
            </line>
            <line>
              <![CDATA[<a target="_blank" href="Tue_Jul_23_23_46_32_CDT_2019.jpg">Login Screen link</a>]]>
            </line>
            <line>
              <![CDATA[<br>]]>
            </line>
            <line>
              <![CDATA[<a target="_blank" href="Tue_Jul_23_23_46_32_CDT_2019.jpg"><img src="Tue_Jul_23_23_46_32_CDT_2019.jpg" width=50 height=50></img></a>]]>
            </line>
          </reporter-output>
        </test-method> <!-- testLogin -->
        <test-method signature="buyLaptop(java.lang.String, java.lang.String, java.lang.String, java.lang.String, java.lang.String, java.lang.String)[pri:30, instance:com.amazon.testcases.TestBuyingLaptop@22d7b4f8]" started-at="2019-07-24T04:46:32Z" name="buyLaptop" data-provider="getUserData" finished-at="2019-07-24T04:47:21Z" duration-ms="49108" status="PASS">
          <params>
            <param index="0">
              <value>
                <![CDATA[Rockie Johnson]]>
              </value>
            </param>
            <param index="1">
              <value>
                <![CDATA[2719 S Buckner]]>
              </value>
            </param>
            <param index="2">
              <value>
                <![CDATA[Dallas]]>
              </value>
            </param>
            <param index="3">
              <value>
                <![CDATA[Texas]]>
              </value>
            </param>
            <param index="4">
              <value>
                <![CDATA[75227.0]]>
              </value>
            </param>
            <param index="5">
              <value>
                <![CDATA[4.696770795E9]]>
              </value>
            </param>
          </params>
          <reporter-output>
            <line>
              <![CDATA[Capturing Screen shot]]>
            </line>
            <line>
              <![CDATA[<a target="_blank" href="Tue_Jul_23_23_47_22_CDT_2019.jpg">Login Screen link</a>]]>
            </line>
            <line>
              <![CDATA[<br>]]>
            </line>
            <line>
              <![CDATA[<a target="_blank" href="Tue_Jul_23_23_47_22_CDT_2019.jpg"><img src="Tue_Jul_23_23_47_22_CDT_2019.jpg" width=50 height=50></img></a>]]>
            </line>
          </reporter-output>
        </test-method> <!-- buyLaptop -->
        <test-method is-config="true" signature="tearDown()[pri:0, instance:com.amazon.testcases.TestBuyingLaptop@22d7b4f8]" started-at="2019-07-24T04:47:22Z" name="tearDown" finished-at="2019-07-24T04:47:23Z" duration-ms="973" status="PASS">
          <reporter-output>
          </reporter-output>
        </test-method> <!-- tearDown -->
      </class> <!-- com.amazon.testcases.TestBuyingLaptop -->
    </test> <!-- Test -->
  </suite> <!-- Suite -->
</testng-results>
