<?xml version="1.0" encoding="UTF-8"?>
<testsuite name="Test"
           tests="3"
           failures="0"
           errors="0"
           skipped="0"
           time="22.360">
  <properties />
  
  
            <testcase name="testLogin" time="18.459" classname="com.amazon.testcases.TestLogin" />
                <testcase name="signOut" time="3.840" classname="com.amazon.testcases.TestLogin" />
                <testcase name="loginCheck" time="0.061" classname="com.amazon.testcases.TestLogin" />
      
</testsuite>
